<?xml version="1.0" encoding="UTF-8"?>
<!-- Generated by org.testng.reporters.JUnitReportReporter -->
<testsuite hostname="DESKTOP-99N73JI" failures="0" tests="1" name="tc.tchomepage" time="7.428" errors="0" timestamp="2021-02-07T18:09:19 IST" skipped="0">
  <testcase classname="tc.tchomepage" name="open1" time="7.428"/>
</testsuite> <!-- tc.tchomepage -->
